<?xml version="1.0" encoding="UTF-8"?>
<!-- Generated by org.testng.reporters.JUnitReportReporter -->
<testsuite skipped="0" hostname="Ramana-PC" name="qa.backbase.test.EditPageTest" tests="41" failures="0" timestamp="10 Feb 2019 18:32:11 GMT" time="564.174" errors="2">
  <testcase name="verify_page_header" time="11.073" classname="qa.backbase.test.EditPageTest"/>
  <testcase name="verify_edit_page_fields" time="9.904" classname="qa.backbase.test.EditPageTest"/>
  <testcase name="verify_user_able_to_edit_computerdetails" time="31.480" classname="qa.backbase.test.EditPageTest">
    <error type="java.lang.NullPointerException">
      <![CDATA[java.lang.NullPointerException
at qa.backbase.cd.pages.HomePage.navigate_to_edit_page(HomePage.java:139)
at qa.backbase.test.EditPageTest.verify_user_able_to_edit_computerdetails(EditPageTest.java:68)
at sun.reflect.NativeMethodAccessorImpl.invoke0(Native Method)
at sun.reflect.NativeMethodAccessorImpl.invoke(NativeMethodAccessorImpl.java:62)
at sun.reflect.DelegatingMethodAccessorImpl.invoke(DelegatingMethodAccessorImpl.java:43)
at java.lang.reflect.Method.invoke(Method.java:498)
at org.testng.internal.MethodInvocationHelper.invokeMethod(MethodInvocationHelper.java:124)
at org.testng.internal.Invoker.invokeMethod(Invoker.java:583)
at org.testng.internal.Invoker.invokeTestMethod(Invoker.java:719)
at org.testng.internal.Invoker.invokeTestMethods(Invoker.java:989)
at org.testng.internal.TestMethodWorker.invokeTestMethods(TestMethodWorker.java:125)
at org.testng.internal.TestMethodWorker.run(TestMethodWorker.java:109)
at org.testng.TestRunner.privateRun(TestRunner.java:648)
at org.testng.TestRunner.run(TestRunner.java:505)
at org.testng.SuiteRunner.runTest(SuiteRunner.java:455)
at org.testng.SuiteRunner.runSequentially(SuiteRunner.java:450)
at org.testng.SuiteRunner.privateRun(SuiteRunner.java:415)
at org.testng.SuiteRunner.run(SuiteRunner.java:364)
at org.testng.SuiteRunnerWorker.runSuite(SuiteRunnerWorker.java:52)
at org.testng.SuiteRunnerWorker.run(SuiteRunnerWorker.java:84)
at org.testng.TestNG.runSuitesSequentially(TestNG.java:1208)
at org.testng.TestNG.runSuitesLocally(TestNG.java:1137)
at org.testng.TestNG.runSuites(TestNG.java:1049)
at org.testng.TestNG.run(TestNG.java:1017)
at org.testng.remote.AbstractRemoteTestNG.run(AbstractRemoteTestNG.java:114)
at org.testng.remote.RemoteTestNG.initAndRun(RemoteTestNG.java:251)
at org.testng.remote.RemoteTestNG.main(RemoteTestNG.java:77)
]]>
    </error>
  </testcase> <!-- verify_user_able_to_edit_computerdetails -->
  <testcase name="verify_user_able_to_edit_computerdetails" time="12.279" classname="qa.backbase.test.EditPageTest"/>
  <testcase name="verify_user_able_to_edit_computerdetails" time="11.292" classname="qa.backbase.test.EditPageTest"/>
  <testcase name="verify_user_able_to_edit_computerdetails" time="15.538" classname="qa.backbase.test.EditPageTest"/>
  <testcase name="verify_user_able_to_edit_computerdetails" time="12.308" classname="qa.backbase.test.EditPageTest"/>
  <testcase name="verify_user_able_to_edit_computerdetails" time="14.443" classname="qa.backbase.test.EditPageTest"/>
  <testcase name="verify_user_able_to_edit_computerdetails" time="12.725" classname="qa.backbase.test.EditPageTest"/>
  <testcase name="verify_user_able_to_edit_computerdetails" time="17.574" classname="qa.backbase.test.EditPageTest"/>
  <testcase name="verify_user_able_to_edit_computerdetails" time="11.948" classname="qa.backbase.test.EditPageTest"/>
  <testcase name="verify_user_able_to_edit_computerdetails" time="13.090" classname="qa.backbase.test.EditPageTest"/>
  <testcase name="verify_user_able_to_edit_computerdetails" time="10.583" classname="qa.backbase.test.EditPageTest"/>
  <testcase name="verify_user_able_to_edit_computerdetails" time="12.369" classname="qa.backbase.test.EditPageTest"/>
  <testcase name="verify_error_when_invalid_introduceddate_provided" time="11.356" classname="qa.backbase.test.EditPageTest"/>
  <testcase name="verify_error_when_invalid_introduceddate_provided" time="13.371" classname="qa.backbase.test.EditPageTest"/>
  <testcase name="verify_error_when_invalid_introduceddate_provided" time="12.117" classname="qa.backbase.test.EditPageTest"/>
  <testcase name="verify_error_when_invalid_introduceddate_provided" time="12.780" classname="qa.backbase.test.EditPageTest"/>
  <testcase name="verify_error_when_invalid_introduceddate_provided" time="11.852" classname="qa.backbase.test.EditPageTest"/>
  <testcase name="verify_error_when_invalid_introduceddate_provided" time="12.841" classname="qa.backbase.test.EditPageTest"/>
  <testcase name="verify_error_when_invalid_introduceddate_provided" time="13.451" classname="qa.backbase.test.EditPageTest"/>
  <testcase name="verify_error_when_invalid_discontinueddate_provided" time="20.865" classname="qa.backbase.test.EditPageTest"/>
  <testcase name="verify_error_when_invalid_discontinueddate_provided" time="13.790" classname="qa.backbase.test.EditPageTest"/>
  <testcase name="verify_error_when_invalid_discontinueddate_provided" time="12.722" classname="qa.backbase.test.EditPageTest"/>
  <testcase name="verify_error_when_invalid_discontinueddate_provided" time="13.714" classname="qa.backbase.test.EditPageTest"/>
  <testcase name="verify_error_when_invalid_discontinueddate_provided" time="13.300" classname="qa.backbase.test.EditPageTest"/>
  <testcase name="verify_error_when_invalid_discontinueddate_provided" time="12.358" classname="qa.backbase.test.EditPageTest"/>
  <testcase name="verify_error_when_invalid_discontinueddate_provided" time="14.112" classname="qa.backbase.test.EditPageTest"/>
  <testcase name="verify_cancel_button_functionality" time="13.425" classname="qa.backbase.test.EditPageTest"/>
  <testcase name="verify_deletethiscomputer_functionality" time="10.187" classname="qa.backbase.test.EditPageTest"/>
  <testcase name="verify_deletethiscomputer_functionality" time="30.705" classname="qa.backbase.test.EditPageTest">
    <error type="java.lang.NullPointerException">
      <![CDATA[java.lang.NullPointerException
at qa.backbase.cd.pages.HomePage.navigate_to_edit_page(HomePage.java:139)
at qa.backbase.test.EditPageTest.verify_deletethiscomputer_functionality(EditPageTest.java:111)
at sun.reflect.NativeMethodAccessorImpl.invoke0(Native Method)
at sun.reflect.NativeMethodAccessorImpl.invoke(NativeMethodAccessorImpl.java:62)
at sun.reflect.DelegatingMethodAccessorImpl.invoke(DelegatingMethodAccessorImpl.java:43)
at java.lang.reflect.Method.invoke(Method.java:498)
at org.testng.internal.MethodInvocationHelper.invokeMethod(MethodInvocationHelper.java:124)
at org.testng.internal.Invoker.invokeMethod(Invoker.java:583)
at org.testng.internal.Invoker.invokeTestMethod(Invoker.java:719)
at org.testng.internal.Invoker.invokeTestMethods(Invoker.java:989)
at org.testng.internal.TestMethodWorker.invokeTestMethods(TestMethodWorker.java:125)
at org.testng.internal.TestMethodWorker.run(TestMethodWorker.java:109)
at org.testng.TestRunner.privateRun(TestRunner.java:648)
at org.testng.TestRunner.run(TestRunner.java:505)
at org.testng.SuiteRunner.runTest(SuiteRunner.java:455)
at org.testng.SuiteRunner.runSequentially(SuiteRunner.java:450)
at org.testng.SuiteRunner.privateRun(SuiteRunner.java:415)
at org.testng.SuiteRunner.run(SuiteRunner.java:364)
at org.testng.SuiteRunnerWorker.runSuite(SuiteRunnerWorker.java:52)
at org.testng.SuiteRunnerWorker.run(SuiteRunnerWorker.java:84)
at org.testng.TestNG.runSuitesSequentially(TestNG.java:1208)
at org.testng.TestNG.runSuitesLocally(TestNG.java:1137)
at org.testng.TestNG.runSuites(TestNG.java:1049)
at org.testng.TestNG.run(TestNG.java:1017)
at org.testng.remote.AbstractRemoteTestNG.run(AbstractRemoteTestNG.java:114)
at org.testng.remote.RemoteTestNG.initAndRun(RemoteTestNG.java:251)
at org.testng.remote.RemoteTestNG.main(RemoteTestNG.java:77)
]]>
    </error>
  </testcase> <!-- verify_deletethiscomputer_functionality -->
  <testcase name="verify_deletethiscomputer_functionality" time="10.789" classname="qa.backbase.test.EditPageTest"/>
  <testcase name="verify_deletethiscomputer_functionality" time="14.401" classname="qa.backbase.test.EditPageTest"/>
  <testcase name="verify_deletethiscomputer_functionality" time="11.704" classname="qa.backbase.test.EditPageTest"/>
  <testcase name="verify_deletethiscomputer_functionality" time="12.232" classname="qa.backbase.test.EditPageTest"/>
  <testcase name="verify_deletethiscomputer_functionality" time="15.442" classname="qa.backbase.test.EditPageTest"/>
  <testcase name="verify_deletethiscomputer_functionality" time="12.961" classname="qa.backbase.test.EditPageTest"/>
  <testcase name="verify_deletethiscomputer_functionality" time="13.126" classname="qa.backbase.test.EditPageTest"/>
  <testcase name="verify_deletethiscomputer_functionality" time="10.873" classname="qa.backbase.test.EditPageTest"/>
  <testcase name="verify_deletethiscomputer_functionality" time="10.620" classname="qa.backbase.test.EditPageTest"/>
  <testcase name="verify_deletethiscomputer_functionality" time="12.474" classname="qa.backbase.test.EditPageTest"/>
</testsuite> <!-- qa.backbase.test.EditPageTest -->
